{
  "RSpec": {
    "coverage": {
      "/Users/mas244/musc/price_grabber/lib/price_grabber.rb": [
        1,
        1,
        1,
        1,
        1,
        1,
        1,
        null,
        1,
        null,
        null,
        1,
        null,
        null,
        null,
        null,
        null,
        null,
        null,
        null,
        null,
        null,
        null,
        null,
        1,
        9,
        null,
        9,
        9,
        null,
        null,
        9,
        null,
        null,
        9,
        null,
        null,
        8,
        null,
        null,
        7,
        null,
        null,
        7,
        null,
        null,
        null,
        7,
        null,
        7,
        2,
        2,
        1,
        null,
        1,
        null,
        null,
        null,
        null,
        null,
        null,
        null,
        null,
        null,
        null,
        1,
        null,
        4,
        4,
        0,
        null,
        4,
        4,
        null,
        null,
        4,
        null,
        null,
        null,
        null,
        null,
        null,
        null,
        1,
        null,
        4,
        4,
        4,
        null,
        null,
        12,
        null,
        null,
        4,
        null,
        null,
        4,
        8,
        null,
        null,
        4,
        null,
        null,
        null,
        null,
        null,
        1,
        29,
        25,
        25,
        25,
        98,
        null,
        0,
        null,
        25,
        1,
        null,
        51,
        null,
        null,
        24,
        null,
        4,
        null,
        null,
        null,
        null,
        null,
        null,
        1,
        0,
        0,
        0,
        0,
        0,
        0,
        null,
        0,
        null,
        null,
        0,
        null,
        0,
        null,
        null,
        null,
        null,
        null,
        null,
        1,
        29,
        21,
        21,
        74,
        21,
        1,
        null,
        39,
        null,
        null,
        20,
        null,
        8,
        null,
        null,
        null,
        null,
        null,
        null,
        null,
        null,
        null,
        null,
        1,
        2,
        null,
        2,
        null,
        null,
        2,
        null,
        null,
        2,
        null,
        null,
        2,
        null,
        null,
        1,
        1,
        null,
        1,
        null,
        null,
        null,
        null,
        null,
        null,
        1,
        null,
        0,
        null,
        null,
        null,
        null,
        null,
        null,
        null,
        null,
        null,
        null,
        1,
        2,
        null,
        2,
        null,
        null,
        2,
        null,
        null,
        2,
        null,
        null,
        1,
        1,
        null,
        1,
        null,
        null,
        null,
        null,
        null,
        1,
        null,
        0,
        null,
        null,
        null,
        null,
        1,
        null,
        null,
        null,
        1,
        19,
        2,
        null,
        17,
        null,
        null,
        19,
        null,
        null,
        null,
        null,
        null,
        1,
        null,
        21,
        null,
        21,
        0,
        null,
        null,
        null,
        21,
        null,
        null,
        21,
        null,
        null,
        null,
        null,
        null,
        1,
        null,
        4,
        null,
        4,
        0,
        null,
        null,
        null,
        4,
        null,
        null,
        4,
        null,
        null,
        null,
        null,
        null,
        1,
        12,
        12,
        12,
        8,
        null,
        null,
        32,
        null,
        null,
        22,
        null,
        null,
        8,
        null,
        null,
        8,
        14,
        null,
        14,
        14,
        null,
        null,
        12,
        12,
        null,
        null,
        2,
        2,
        null,
        0,
        null,
        null,
        null,
        null,
        8,
        null,
        4,
        null,
        4,
        16,
        null,
        null,
        14,
        null,
        null,
        4,
        null,
        null,
        4,
        10,
        null,
        4,
        null,
        0,
        null,
        null,
        null,
        null,
        null,
        1,
        23,
        null,
        5,
        null,
        17,
        null,
        null,
        23,
        null,
        null,
        null,
        null,
        1,
        15,
        1,
        14,
        0,
        null,
        null,
        15,
        null,
        null,
        null,
        null,
        null,
        1,
        15,
        15,
        null,
        0,
        null,
        null,
        15,
        null,
        null,
        null,
        null,
        null,
        1,
        29,
        5,
        null,
        24,
        5,
        5,
        19,
        19,
        19,
        null,
        0,
        null,
        null,
        null,
        null,
        null,
        null,
        null,
        1,
        null,
        null,
        null,
        null,
        null,
        null,
        1,
        null,
        null,
        null,
        null,
        null,
        1,
        null,
        null,
        null,
        null,
        null,
        1,
        null,
        null,
        null,
        null
      ],
      "/Users/mas244/musc/price_grabber/lib/price_grabber/config.rb": [
        1,
        null,
        1,
        1,
        null,
        1,
        null,
        1,
        1,
        null
      ],
      "/Users/mas244/musc/price_grabber/lib/price_grabber/common.rb": [
        1,
        1,
        1,
        null,
        1,
        null,
        1,
        1,
        null,
        1,
        null,
        null,
        null,
        null,
        1,
        7,
        null,
        null,
        1,
        4,
        null,
        4,
        2,
        null,
        null,
        4,
        null,
        null,
        null,
        null,
        null,
        null,
        null,
        null,
        null,
        null,
        null,
        null,
        null,
        null,
        null,
        null,
        null,
        null,
        1,
        0,
        null,
        null,
        null
      ],
      "/Users/mas244/musc/price_grabber/lib/price_grabber/business.rb": [
        1,
        null,
        1,
        26,
        1,
        null,
        25,
        25,
        25,
        25,
        25,
        25,
        null,
        null,
        null,
        null,
        null,
        null,
        1,
        198,
        103,
        null,
        18,
        11,
        1,
        null,
        17,
        16,
        16,
        16,
        96,
        16,
        null,
        null,
        11,
        1,
        null,
        null,
        null,
        1,
        9,
        null,
        null,
        1,
        14,
        14,
        null,
        null,
        null,
        1,
        8,
        8,
        8,
        8,
        null,
        null,
        1,
        7,
        null,
        null,
        1,
        8,
        7,
        null,
        1,
        null,
        null,
        null,
        null,
        1,
        14,
        null,
        2,
        null,
        2,
        6,
        6,
        null,
        null,
        2,
        6,
        6,
        null,
        null,
        2,
        2,
        2,
        2,
        null,
        null,
        1,
        1,
        null,
        1,
        null,
        null,
        1,
        1,
        1,
        1,
        null,
        null,
        null
      ],
      "/Users/mas244/musc/price_grabber/spec/common_spec.rb": [
        1,
        1,
        1,
        1,
        1,
        null,
        1,
        null,
        1,
        null,
        null,
        null,
        1,
        null,
        1,
        1,
        null,
        null,
        1,
        1,
        null,
        null,
        1,
        1,
        null,
        null,
        null,
        null,
        1,
        null,
        1,
        null,
        1,
        1,
        1,
        null,
        null,
        1,
        1,
        4,
        1,
        null,
        null,
        null,
        null,
        1,
        null,
        1,
        1,
        1,
        null,
        null,
        1,
        1,
        4,
        1,
        null,
        null,
        null,
        null,
        null,
        null,
        null,
        null
      ],
      "/Users/mas244/musc/price_grabber/spec/get_service_rate_spec.rb": [
        1,
        1,
        1,
        null,
        1,
        null,
        1,
        null,
        1,
        null,
        1,
        null,
        1,
        null,
        1,
        1,
        1,
        1,
        1,
        1,
        null,
        1,
        1,
        1,
        1,
        null,
        null,
        1,
        1,
        null,
        null,
        1,
        1,
        1,
        1,
        1,
        1,
        null,
        1,
        1,
        1,
        1,
        null,
        null,
        1,
        1,
        null,
        null,
        null,
        null,
        1,
        null,
        1,
        1,
        1,
        1,
        1,
        1,
        1,
        null,
        1,
        1,
        1,
        1,
        1,
        null,
        null,
        1,
        1,
        null,
        null,
        null,
        null,
        1,
        null,
        1,
        2,
        2,
        2,
        2,
        2,
        2,
        2,
        null,
        null,
        1,
        1,
        1,
        null,
        1,
        1,
        null,
        null,
        1,
        1,
        1,
        null,
        1,
        1,
        null,
        null,
        null,
        null,
        null,
        null,
        1,
        null,
        1,
        1,
        1,
        1,
        1,
        1,
        null,
        1,
        1,
        1,
        1,
        null,
        null,
        1,
        1,
        null,
        null,
        null,
        null,
        null,
        null,
        1,
        null,
        1,
        null,
        1,
        1,
        1,
        1,
        1,
        1,
        null,
        1,
        1,
        1,
        1,
        null,
        null,
        1,
        1,
        null,
        null,
        null,
        null,
        null,
        null,
        null,
        null,
        1,
        null,
        1,
        null,
        1,
        null,
        1,
        1,
        1,
        1,
        1,
        1,
        1,
        null,
        1,
        1,
        1,
        1,
        null,
        null,
        1,
        1,
        null,
        null,
        null,
        null,
        null,
        null,
        1,
        null,
        1,
        1,
        1,
        1,
        1,
        1,
        1,
        1,
        1,
        null,
        1,
        1,
        1,
        1,
        null,
        2,
        null,
        null,
        null,
        null,
        null,
        null,
        null
      ],
      "/Users/mas244/musc/price_grabber/spec/get_service_request_rates_spec.rb": [
        1,
        1,
        1,
        null,
        1,
        null,
        1,
        null,
        1,
        null,
        1,
        1,
        1,
        1,
        1,
        1,
        1,
        1,
        1,
        1,
        1,
        1,
        null,
        1,
        1,
        1,
        1,
        1,
        1,
        1,
        1,
        1,
        null,
        1,
        1,
        null,
        null,
        null,
        null,
        null,
        null,
        null,
        null,
        null,
        null,
        null,
        1,
        null,
        1,
        null,
        1,
        1,
        1,
        1,
        1,
        1,
        1,
        1,
        1,
        1,
        1,
        1,
        1,
        null,
        1,
        1,
        1,
        1,
        1,
        1,
        1,
        1,
        1,
        null,
        1,
        1,
        null,
        null,
        null,
        null,
        null,
        null,
        null,
        null,
        null,
        1,
        null,
        1,
        null,
        1,
        1,
        1,
        1,
        1,
        1,
        1,
        1,
        1,
        1,
        1,
        1,
        1,
        null,
        1,
        1,
        1,
        1,
        1,
        1,
        1,
        1,
        1,
        null,
        1,
        1,
        null,
        null,
        null,
        null,
        null,
        null,
        null,
        null,
        null,
        1,
        null,
        1,
        1,
        1,
        1,
        1,
        1,
        1,
        1,
        1,
        1,
        1,
        1,
        1,
        1,
        null,
        1,
        1,
        1,
        1,
        1,
        1,
        1,
        1,
        1,
        null,
        1,
        1,
        null,
        null,
        null,
        null,
        null,
        null,
        null,
        null,
        null,
        null,
        null,
        null,
        null,
        null
      ],
      "/Users/mas244/musc/price_grabber/spec/get_ssr_rates_spec.rb": [
        1,
        1,
        1,
        null,
        1,
        null,
        1,
        null,
        1,
        null,
        1,
        1,
        1,
        1,
        1,
        1,
        1,
        1,
        1,
        null,
        1,
        1,
        1,
        1,
        1,
        1,
        1,
        null,
        1,
        1,
        null,
        null,
        null,
        null,
        null,
        null,
        null,
        null,
        null,
        null,
        null,
        1,
        null,
        1,
        1,
        1,
        1,
        1,
        1,
        1,
        1,
        1,
        1,
        1,
        null,
        1,
        1,
        1,
        1,
        1,
        1,
        1,
        null,
        1,
        1,
        null,
        null,
        null,
        null,
        null,
        null,
        null,
        null,
        1,
        null,
        1,
        null,
        1,
        1,
        1,
        1,
        1,
        1,
        1,
        1,
        1,
        1,
        1,
        null,
        1,
        1,
        1,
        1,
        1,
        1,
        1,
        null,
        1,
        1,
        null,
        null,
        null,
        null,
        null,
        null,
        null,
        null,
        null,
        1,
        null,
        1,
        1,
        1,
        1,
        1,
        1,
        1,
        1,
        1,
        1,
        1,
        1,
        null,
        1,
        1,
        1,
        1,
        1,
        1,
        1,
        null,
        1,
        1,
        null,
        null,
        null,
        null,
        null,
        null,
        null,
        null,
        null,
        null,
        null,
        null,
        null,
        null
      ],
      "/Users/mas244/musc/price_grabber/spec/price_grabber_spec.rb": [
        1,
        1,
        1,
        null,
        1,
        null,
        1,
        null,
        1,
        null,
        1,
        1,
        1,
        null,
        null,
        1,
        1,
        1,
        2,
        null,
        null,
        1,
        1,
        1,
        2,
        null,
        null,
        null,
        null,
        1,
        null,
        1,
        1,
        1,
        null,
        null,
        null,
        null,
        null,
        null,
        1,
        null,
        1,
        null,
        1,
        1,
        1,
        null,
        null,
        1,
        1,
        1,
        null,
        null,
        1,
        1,
        1,
        2,
        null,
        null,
        1,
        1,
        1,
        2,
        null,
        null,
        null,
        null,
        1,
        null,
        1,
        1,
        1,
        null,
        null,
        null,
        null,
        null,
        null,
        null
      ],
      "/Users/mas244/musc/price_grabber/spec/rates_on_date_spec.rb": [
        1,
        1,
        1,
        null,
        1,
        null,
        1,
        null,
        1,
        1,
        1,
        1,
        1,
        null,
        1,
        1,
        1,
        null,
        1,
        null,
        1,
        null,
        null,
        null,
        null,
        null,
        null,
        null,
        null,
        null,
        null,
        null,
        1,
        null,
        1,
        1,
        1,
        1,
        1,
        1,
        1,
        null,
        1,
        1,
        1,
        1,
        null,
        1,
        null,
        1,
        null,
        null,
        null,
        null,
        null,
        null,
        null,
        null,
        null,
        null,
        null,
        null,
        null,
        1,
        null,
        1,
        null,
        1,
        1,
        1,
        1,
        null,
        1,
        1,
        1,
        null,
        1,
        null,
        1,
        null,
        null,
        null,
        null,
        null,
        null,
        null,
        null,
        null,
        null,
        1,
        null,
        1,
        1,
        1,
        1,
        1,
        null,
        1,
        1,
        1,
        null,
        1,
        null,
        1,
        null,
        null,
        null,
        null,
        null,
        null,
        null,
        null,
        null,
        null,
        null
      ]
    },
    "timestamp": 1387232822
  }
}
